Using pre-set license
Built from '2020.2/release' branch; Version is '2020.2.1f1 (270dd8c3da1c) revision 2559448'; Using compiler version '192528614'; Build Type 'Release'
OS: 'Windows 10  (10.0.0) 64bit' Language: 'en' Physical Memory: 16336 MB
BatchMode: 1, IsHumanControllingUs: 0, StartBugReporterOnCrash: 0, Is64bit: 1, IsPro: 0

 COMMAND LINE ARGUMENTS:
C:\Program Files\Unity\Hub\Editor\2020.2.1f1\Editor\Unity.exe
-adb2
-batchMode
-noUpm
-name
AssetImportWorker0
-projectPath
C:/Users/Elliot/Documents/GitHub/Monster-Arena
-logFile
Logs/AssetImportWorker0.log
-srvPort
51378
Successfully changed project path to: C:/Users/Elliot/Documents/GitHub/Monster-Arena
C:/Users/Elliot/Documents/GitHub/Monster-Arena
Using Asset Import Pipeline V2.
Refreshing native plugins compatible for Editor in 37.87 ms, found 1 plugins.
Preloading 0 native plugins for Editor in 0.00 ms.
Initialize engine version: 2020.2.1f1 (270dd8c3da1c)
[Subsystems] Discovering subsystems at path C:/Program Files/Unity/Hub/Editor/2020.2.1f1/Editor/Data/Resources/UnitySubsystems
[Subsystems] Discovering subsystems at path C:/Users/Elliot/Documents/GitHub/Monster-Arena/Assets
GfxDevice: creating device client; threaded=0
Direct3D:
    Version:  Direct3D 11.0 [level 11.1]
    Renderer: NVIDIA GeForce GTX 1070 (ID=0x1b81)
    Vendor:   
    VRAM:     8088 MB
    Driver:   30.0.14.7168
Initialize mono
Mono path[0] = 'C:/Program Files/Unity/Hub/Editor/2020.2.1f1/Editor/Data/Managed'
Mono path[1] = 'C:/Program Files/Unity/Hub/Editor/2020.2.1f1/Editor/Data/MonoBleedingEdge/lib/mono/unityjit'
Mono config path = 'C:/Program Files/Unity/Hub/Editor/2020.2.1f1/Editor/Data/MonoBleedingEdge/etc'
Using monoOptions --debugger-agent=transport=dt_socket,embedding=1,server=y,suspend=n,address=127.0.0.1:56404
Begin MonoManager ReloadAssembly
Registering precompiled unity dll's ...
Register platform support module: C:/Program Files/Unity/Hub/Editor/2020.2.1f1/Editor/Data/PlaybackEngines/WindowsStandaloneSupport/UnityEditor.WindowsStandalone.Extensions.dll
Registered in 0.002462 seconds.
Native extension for WindowsStandalone target not found
Refreshing native plugins compatible for Editor in 35.08 ms, found 1 plugins.
Preloading 0 native plugins for Editor in 0.00 ms.
Invoked RoslynAnalysisRunner static constructor.
RoslynAnalysisRunner will not be running.
RoslynAnalysisRunner has terminated.
Mono: successfully reloaded assembly
- Completed reload, in  1.175 seconds
Platform modules already initialized, skipping
Registering precompiled user dll's ...
Registered in 0.001164 seconds.
Begin MonoManager ReloadAssembly
Native extension for WindowsStandalone target not found
Refreshing native plugins compatible for Editor in 38.23 ms, found 1 plugins.
Preloading 0 native plugins for Editor in 0.00 ms.
Invoked RoslynAnalysisRunner static constructor.
RoslynAnalysisRunner will not be running.
RoslynAnalysisRunner has terminated.
Mono: successfully reloaded assembly
- Completed reload, in  1.070 seconds
Platform modules already initialized, skipping
========================================================================
Worker process is ready to serve import requests
Launched and connected shader compiler UnityShaderCompiler.exe after 0.05 seconds
Refreshing native plugins compatible for Editor in 0.36 ms, found 1 plugins.
Preloading 0 native plugins for Editor in 0.00 ms.
Unloading 1788 Unused Serialized files (Serialized files now loaded: 0)
System memory in use before: 83.6 MB.
System memory in use after: 83.5 MB.

Unloading 24 unused Assets to reduce memory usage. Loaded Objects now: 2227.
Total: 2.201900 ms (FindLiveObjects: 0.216100 ms CreateObjectMapping: 0.107400 ms MarkObjects: 1.777600 ms  DeleteObjects: 0.099500 ms)

========================================================================
Received Import Request.
  path: Assets/Scenes
  artifactKey: Guid(1f18c82d8cfa7a440b89dcf9b442d207) Importer(815301076,1909f56bfc062723c751e8b465ee728b)
Start importing Assets/Scenes using Guid(1f18c82d8cfa7a440b89dcf9b442d207) Importer(815301076,1909f56bfc062723c751e8b465ee728b)  -> (artifact id: '0c273c11812c24e2d4891ad933d9c7de') in 0.007464 seconds
  Import took 0.011242 seconds .

========================================================================
Received Import Request.
  Time since last request: 0.000455 seconds.
  path: Assets/Scenes/SampleScene.unity
  artifactKey: Guid(2cda990e2423bbf4892e6590ba056729) Importer(815301076,1909f56bfc062723c751e8b465ee728b)
Start importing Assets/Scenes/SampleScene.unity using Guid(2cda990e2423bbf4892e6590ba056729) Importer(815301076,1909f56bfc062723c751e8b465ee728b)  -> (artifact id: '728b3efc74ec264f8ff43bfcb3c3b617') in 0.012377 seconds
  Import took 0.016047 seconds .

========================================================================
Received Import Request.
  Time since last request: 215.290787 seconds.
  path: Assets/Scripts
  artifactKey: Guid(6528983983de9824c91b337ff29b1b26) Importer(815301076,1909f56bfc062723c751e8b465ee728b)
Start importing Assets/Scripts using Guid(6528983983de9824c91b337ff29b1b26) Importer(815301076,1909f56bfc062723c751e8b465ee728b)  -> (artifact id: 'edf6860eda64133ac4364eccb9dde727') in 0.003927 seconds
  Import took 0.008598 seconds .

========================================================================
Received Import Request.
  Time since last request: 103.428407 seconds.
  path: Assets/Scripts/MoveWeapon.cs
  artifactKey: Guid(19d8c231a22cf234a91b0a9a9edd0515) Importer(815301076,1909f56bfc062723c751e8b465ee728b)
Start importing Assets/Scripts/MoveWeapon.cs using Guid(19d8c231a22cf234a91b0a9a9edd0515) Importer(815301076,1909f56bfc062723c751e8b465ee728b)  -> (artifact id: 'f7d67eda1dcbe6070130f2aa532cf41f') in 0.046586 seconds
  Import took 0.049922 seconds .

========================================================================
Received Prepare
Registering precompiled user dll's ...
Registered in 0.001162 seconds.
Begin MonoManager ReloadAssembly
Native extension for WindowsStandalone target not found
Refreshing native plugins compatible for Editor in 0.32 ms, found 1 plugins.
Preloading 0 native plugins for Editor in 0.00 ms.
Invoked RoslynAnalysisRunner static constructor.
RoslynAnalysisRunner will not be running.
RoslynAnalysisRunner has terminated.
Mono: successfully reloaded assembly
- Completed reload, in  0.862 seconds
Platform modules already initialized, skipping
Refreshing native plugins compatible for Editor in 0.38 ms, found 1 plugins.
Preloading 0 native plugins for Editor in 0.00 ms.
Unloading 1784 Unused Serialized files (Serialized files now loaded: 0)
System memory in use before: 83.6 MB.
System memory in use after: 83.6 MB.

Unloading 12 unused Assets to reduce memory usage. Loaded Objects now: 2231.
Total: 2.107500 ms (FindLiveObjects: 0.323300 ms CreateObjectMapping: 0.084700 ms MarkObjects: 1.574000 ms  DeleteObjects: 0.124500 ms)

========================================================================
Received Import Request.
  Time since last request: 936.111338 seconds.
  path: Assets/Scripts/MoveWeapon.cs
  artifactKey: Guid(19d8c231a22cf234a91b0a9a9edd0515) Importer(815301076,1909f56bfc062723c751e8b465ee728b)
Start importing Assets/Scripts/MoveWeapon.cs using Guid(19d8c231a22cf234a91b0a9a9edd0515) Importer(815301076,1909f56bfc062723c751e8b465ee728b)  -> (artifact id: '270074adf7b3d1d136f17132474aef5f') in 0.008546 seconds
  Import took 0.012851 seconds .

========================================================================
Received Import Request.
  Time since last request: 0.001055 seconds.
  path: Assets/Scripts/MoveWeapon.cs
  artifactKey: Guid(19d8c231a22cf234a91b0a9a9edd0515) Importer(815301076,1909f56bfc062723c751e8b465ee728b)
Start importing Assets/Scripts/MoveWeapon.cs using Guid(19d8c231a22cf234a91b0a9a9edd0515) Importer(815301076,1909f56bfc062723c751e8b465ee728b)  -> (artifact id: '270074adf7b3d1d136f17132474aef5f') in 0.002305 seconds
  Import took 0.006315 seconds .

========================================================================
Received Import Request.
  Time since last request: 65.909324 seconds.
  path: Assets/Scripts/MoveWeapon.cs
  artifactKey: Guid(19d8c231a22cf234a91b0a9a9edd0515) Importer(815301076,1909f56bfc062723c751e8b465ee728b)
Start importing Assets/Scripts/MoveWeapon.cs using Guid(19d8c231a22cf234a91b0a9a9edd0515) Importer(815301076,1909f56bfc062723c751e8b465ee728b)  -> (artifact id: '185343605fe74423d7f7560b13d32eef') in 0.003027 seconds
  Import took 0.007074 seconds .

========================================================================
Received Import Request.
  Time since last request: 83.388997 seconds.
  path: Assets/Scripts/MoveWeapon.cs
  artifactKey: Guid(19d8c231a22cf234a91b0a9a9edd0515) Importer(815301076,1909f56bfc062723c751e8b465ee728b)
Start importing Assets/Scripts/MoveWeapon.cs using Guid(19d8c231a22cf234a91b0a9a9edd0515) Importer(815301076,1909f56bfc062723c751e8b465ee728b)  -> (artifact id: '3e93656a58d6f110b1649e97a4094c5c') in 0.002567 seconds
  Import took 0.007110 seconds .

========================================================================
Received Import Request.
  Time since last request: 90.796537 seconds.
  path: Assets/Scripts/MoveWeapon.cs
  artifactKey: Guid(19d8c231a22cf234a91b0a9a9edd0515) Importer(815301076,1909f56bfc062723c751e8b465ee728b)
Start importing Assets/Scripts/MoveWeapon.cs using Guid(19d8c231a22cf234a91b0a9a9edd0515) Importer(815301076,1909f56bfc062723c751e8b465ee728b)  -> (artifact id: 'a23c66092fbde01129e9bcd88d1ddb82') in 0.003454 seconds
  Import took 0.006284 seconds .

========================================================================
Received Import Request.
  Time since last request: 0.000531 seconds.
  path: Assets/Scripts/MoveWeapon.cs
  artifactKey: Guid(19d8c231a22cf234a91b0a9a9edd0515) Importer(815301076,1909f56bfc062723c751e8b465ee728b)
Start importing Assets/Scripts/MoveWeapon.cs using Guid(19d8c231a22cf234a91b0a9a9edd0515) Importer(815301076,1909f56bfc062723c751e8b465ee728b)  -> (artifact id: 'a23c66092fbde01129e9bcd88d1ddb82') in 0.002142 seconds
  Import took 0.006015 seconds .

========================================================================
Received Import Request.
  Time since last request: 24.805015 seconds.
  path: Assets/Scripts/MoveWeapon.cs
  artifactKey: Guid(19d8c231a22cf234a91b0a9a9edd0515) Importer(815301076,1909f56bfc062723c751e8b465ee728b)
Start importing Assets/Scripts/MoveWeapon.cs using Guid(19d8c231a22cf234a91b0a9a9edd0515) Importer(815301076,1909f56bfc062723c751e8b465ee728b)  -> (artifact id: 'd3aedd32dc938ef07190b2d97b412b98') in 0.003824 seconds
  Import took 0.007625 seconds .

========================================================================
Received Import Request.
  Time since last request: 23.787862 seconds.
  path: Assets/Scripts/MoveWeapon.cs
  artifactKey: Guid(19d8c231a22cf234a91b0a9a9edd0515) Importer(815301076,1909f56bfc062723c751e8b465ee728b)
Start importing Assets/Scripts/MoveWeapon.cs using Guid(19d8c231a22cf234a91b0a9a9edd0515) Importer(815301076,1909f56bfc062723c751e8b465ee728b)  -> (artifact id: '79e11d509fcb9d57c7c503b00af479c2') in 0.002309 seconds
  Import took 0.006976 seconds .

========================================================================
Received Import Request.
  Time since last request: 0.000730 seconds.
  path: Assets/Scripts/MoveWeapon.cs
  artifactKey: Guid(19d8c231a22cf234a91b0a9a9edd0515) Importer(815301076,1909f56bfc062723c751e8b465ee728b)
Start importing Assets/Scripts/MoveWeapon.cs using Guid(19d8c231a22cf234a91b0a9a9edd0515) Importer(815301076,1909f56bfc062723c751e8b465ee728b)  -> (artifact id: '79e11d509fcb9d57c7c503b00af479c2') in 0.001921 seconds
  Import took 0.006180 seconds .

========================================================================
Received Prepare
Registering precompiled user dll's ...
Registered in 0.001393 seconds.
Begin MonoManager ReloadAssembly
Native extension for WindowsStandalone target not found
Refreshing native plugins compatible for Editor in 0.33 ms, found 1 plugins.
Preloading 0 native plugins for Editor in 0.00 ms.
Invoked RoslynAnalysisRunner static constructor.
RoslynAnalysisRunner will not be running.
RoslynAnalysisRunner has terminated.
Mono: successfully reloaded assembly
- Completed reload, in  0.893 seconds
Platform modules already initialized, skipping
Refreshing native plugins compatible for Editor in 0.39 ms, found 1 plugins.
Preloading 0 native plugins for Editor in 0.00 ms.
Unloading 1784 Unused Serialized files (Serialized files now loaded: 0)
System memory in use before: 83.7 MB.
System memory in use after: 83.7 MB.

Unloading 12 unused Assets to reduce memory usage. Loaded Objects now: 2234.
Total: 2.049200 ms (FindLiveObjects: 0.181400 ms CreateObjectMapping: 0.073900 ms MarkObjects: 1.654400 ms  DeleteObjects: 0.138400 ms)

========================================================================
Received Import Request.
  Time since last request: 59.585513 seconds.
  path: Assets/Scripts/MoveWeapon.cs
  artifactKey: Guid(19d8c231a22cf234a91b0a9a9edd0515) Importer(815301076,1909f56bfc062723c751e8b465ee728b)
Start importing Assets/Scripts/MoveWeapon.cs using Guid(19d8c231a22cf234a91b0a9a9edd0515) Importer(815301076,1909f56bfc062723c751e8b465ee728b)  -> (artifact id: '311972d4191a8f4d53e657ce40e80cc3') in 0.004581 seconds
  Import took 0.008144 seconds .

========================================================================
Received Prepare
Registering precompiled user dll's ...
Registered in 0.001316 seconds.
Begin MonoManager ReloadAssembly
Native extension for WindowsStandalone target not found
Refreshing native plugins compatible for Editor in 0.37 ms, found 1 plugins.
Preloading 0 native plugins for Editor in 0.00 ms.
Invoked RoslynAnalysisRunner static constructor.
RoslynAnalysisRunner will not be running.
RoslynAnalysisRunner has terminated.
Mono: successfully reloaded assembly
- Completed reload, in  0.891 seconds
Platform modules already initialized, skipping
Refreshing native plugins compatible for Editor in 0.34 ms, found 1 plugins.
Preloading 0 native plugins for Editor in 0.00 ms.
Unloading 1784 Unused Serialized files (Serialized files now loaded: 0)
System memory in use before: 83.8 MB.
System memory in use after: 83.8 MB.

Unloading 12 unused Assets to reduce memory usage. Loaded Objects now: 2237.
Total: 2.249200 ms (FindLiveObjects: 0.228800 ms CreateObjectMapping: 0.057900 ms MarkObjects: 1.819300 ms  DeleteObjects: 0.142100 ms)

========================================================================
Received Prepare
Registering precompiled user dll's ...
Registered in 0.001235 seconds.
Begin MonoManager ReloadAssembly
Native extension for WindowsStandalone target not found
Refreshing native plugins compatible for Editor in 0.36 ms, found 1 plugins.
Preloading 0 native plugins for Editor in 0.00 ms.
Invoked RoslynAnalysisRunner static constructor.
RoslynAnalysisRunner will not be running.
RoslynAnalysisRunner has terminated.
Mono: successfully reloaded assembly
- Completed reload, in  0.894 seconds
Platform modules already initialized, skipping
Refreshing native plugins compatible for Editor in 0.36 ms, found 1 plugins.
Preloading 0 native plugins for Editor in 0.00 ms.
Unloading 1784 Unused Serialized files (Serialized files now loaded: 0)
System memory in use before: 83.9 MB.
System memory in use after: 83.9 MB.

Unloading 12 unused Assets to reduce memory usage. Loaded Objects now: 2240.
Total: 2.064800 ms (FindLiveObjects: 0.261400 ms CreateObjectMapping: 0.094700 ms MarkObjects: 1.565500 ms  DeleteObjects: 0.142000 ms)

========================================================================
Received Prepare
Registering precompiled user dll's ...
Registered in 0.001246 seconds.
Begin MonoManager ReloadAssembly
Native extension for WindowsStandalone target not found
Refreshing native plugins compatible for Editor in 0.39 ms, found 1 plugins.
Preloading 0 native plugins for Editor in 0.00 ms.
Invoked RoslynAnalysisRunner static constructor.
RoslynAnalysisRunner will not be running.
RoslynAnalysisRunner has terminated.
Mono: successfully reloaded assembly
- Completed reload, in  0.934 seconds
Platform modules already initialized, skipping
Refreshing native plugins compatible for Editor in 0.57 ms, found 1 plugins.
Preloading 0 native plugins for Editor in 0.00 ms.
Unloading 1784 Unused Serialized files (Serialized files now loaded: 0)
System memory in use before: 83.9 MB.
System memory in use after: 83.9 MB.

Unloading 12 unused Assets to reduce memory usage. Loaded Objects now: 2243.
Total: 2.397900 ms (FindLiveObjects: 0.471900 ms CreateObjectMapping: 0.145500 ms MarkObjects: 1.651700 ms  DeleteObjects: 0.127200 ms)

========================================================================
Received Prepare
Registering precompiled user dll's ...
Registered in 0.001168 seconds.
Begin MonoManager ReloadAssembly
Native extension for WindowsStandalone target not found
Refreshing native plugins compatible for Editor in 0.32 ms, found 1 plugins.
Preloading 0 native plugins for Editor in 0.00 ms.
Invoked RoslynAnalysisRunner static constructor.
RoslynAnalysisRunner will not be running.
RoslynAnalysisRunner has terminated.
Mono: successfully reloaded assembly
- Completed reload, in  0.854 seconds
Platform modules already initialized, skipping
Refreshing native plugins compatible for Editor in 0.37 ms, found 1 plugins.
Preloading 0 native plugins for Editor in 0.00 ms.
Unloading 1784 Unused Serialized files (Serialized files now loaded: 0)
System memory in use before: 84.0 MB.
System memory in use after: 84.0 MB.

Unloading 12 unused Assets to reduce memory usage. Loaded Objects now: 2246.
Total: 1.874700 ms (FindLiveObjects: 0.264700 ms CreateObjectMapping: 0.103800 ms MarkObjects: 1.384100 ms  DeleteObjects: 0.120900 ms)

========================================================================
Received Prepare
Registering precompiled user dll's ...
Registered in 0.001411 seconds.
Begin MonoManager ReloadAssembly
Native extension for WindowsStandalone target not found
Refreshing native plugins compatible for Editor in 0.39 ms, found 1 plugins.
Preloading 0 native plugins for Editor in 0.00 ms.
Invoked RoslynAnalysisRunner static constructor.
RoslynAnalysisRunner will not be running.
RoslynAnalysisRunner has terminated.
Mono: successfully reloaded assembly
- Completed reload, in  0.886 seconds
Platform modules already initialized, skipping
Refreshing native plugins compatible for Editor in 0.44 ms, found 1 plugins.
Preloading 0 native plugins for Editor in 0.00 ms.
Unloading 1784 Unused Serialized files (Serialized files now loaded: 0)
System memory in use before: 84.0 MB.
System memory in use after: 84.0 MB.

Unloading 12 unused Assets to reduce memory usage. Loaded Objects now: 2249.
Total: 2.459900 ms (FindLiveObjects: 0.388100 ms CreateObjectMapping: 0.102700 ms MarkObjects: 1.815600 ms  DeleteObjects: 0.152400 ms)

========================================================================
Received Prepare
Registering precompiled user dll's ...
Registered in 0.001721 seconds.
Begin MonoManager ReloadAssembly
Native extension for WindowsStandalone target not found
Refreshing native plugins compatible for Editor in 0.33 ms, found 1 plugins.
Preloading 0 native plugins for Editor in 0.00 ms.
Invoked RoslynAnalysisRunner static constructor.
RoslynAnalysisRunner will not be running.
RoslynAnalysisRunner has terminated.
Mono: successfully reloaded assembly
- Completed reload, in  0.876 seconds
Platform modules already initialized, skipping
Refreshing native plugins compatible for Editor in 0.32 ms, found 1 plugins.
Preloading 0 native plugins for Editor in 0.00 ms.
Unloading 1784 Unused Serialized files (Serialized files now loaded: 0)
System memory in use before: 84.1 MB.
System memory in use after: 84.1 MB.

Unloading 12 unused Assets to reduce memory usage. Loaded Objects now: 2252.
Total: 1.970600 ms (FindLiveObjects: 0.223100 ms CreateObjectMapping: 0.080300 ms MarkObjects: 1.547300 ms  DeleteObjects: 0.118500 ms)

========================================================================
Received Prepare
Registering precompiled user dll's ...
Registered in 0.001319 seconds.
Begin MonoManager ReloadAssembly
Native extension for WindowsStandalone target not found
Refreshing native plugins compatible for Editor in 0.38 ms, found 1 plugins.
Preloading 0 native plugins for Editor in 0.00 ms.
Invoked RoslynAnalysisRunner static constructor.
RoslynAnalysisRunner will not be running.
RoslynAnalysisRunner has terminated.
Mono: successfully reloaded assembly
- Completed reload, in  0.862 seconds
Platform modules already initialized, skipping
Refreshing native plugins compatible for Editor in 0.38 ms, found 1 plugins.
Preloading 0 native plugins for Editor in 0.00 ms.
Unloading 1784 Unused Serialized files (Serialized files now loaded: 0)
System memory in use before: 84.1 MB.
System memory in use after: 84.1 MB.

Unloading 12 unused Assets to reduce memory usage. Loaded Objects now: 2255.
Total: 2.198900 ms (FindLiveObjects: 0.369000 ms CreateObjectMapping: 0.138000 ms MarkObjects: 1.580700 ms  DeleteObjects: 0.110000 ms)

========================================================================
Received Prepare
Registering precompiled user dll's ...
Registered in 0.001214 seconds.
Begin MonoManager ReloadAssembly
Native extension for WindowsStandalone target not found
Refreshing native plugins compatible for Editor in 0.33 ms, found 1 plugins.
Preloading 0 native plugins for Editor in 0.00 ms.
Invoked RoslynAnalysisRunner static constructor.
RoslynAnalysisRunner will not be running.
RoslynAnalysisRunner has terminated.
Mono: successfully reloaded assembly
- Completed reload, in  0.845 seconds
Platform modules already initialized, skipping
Refreshing native plugins compatible for Editor in 0.33 ms, found 1 plugins.
Preloading 0 native plugins for Editor in 0.00 ms.
Unloading 1784 Unused Serialized files (Serialized files now loaded: 0)
System memory in use before: 84.2 MB.
System memory in use after: 84.2 MB.

Unloading 12 unused Assets to reduce memory usage. Loaded Objects now: 2258.
Total: 2.161200 ms (FindLiveObjects: 0.227700 ms CreateObjectMapping: 0.074000 ms MarkObjects: 1.752600 ms  DeleteObjects: 0.105500 ms)

========================================================================
Received Prepare
Registering precompiled user dll's ...
Registered in 0.001386 seconds.
Begin MonoManager ReloadAssembly
Native extension for WindowsStandalone target not found
Refreshing native plugins compatible for Editor in 0.46 ms, found 1 plugins.
Preloading 0 native plugins for Editor in 0.00 ms.
Invoked RoslynAnalysisRunner static constructor.
RoslynAnalysisRunner will not be running.
RoslynAnalysisRunner has terminated.
Mono: successfully reloaded assembly
- Completed reload, in  0.858 seconds
Platform modules already initialized, skipping
Refreshing native plugins compatible for Editor in 0.32 ms, found 1 plugins.
Preloading 0 native plugins for Editor in 0.00 ms.
Unloading 1784 Unused Serialized files (Serialized files now loaded: 0)
System memory in use before: 84.3 MB.
System memory in use after: 84.3 MB.

Unloading 12 unused Assets to reduce memory usage. Loaded Objects now: 2261.
Total: 2.220600 ms (FindLiveObjects: 0.296500 ms CreateObjectMapping: 0.105000 ms MarkObjects: 1.678100 ms  DeleteObjects: 0.139200 ms)

========================================================================
Received Prepare
Registering precompiled user dll's ...
Registered in 0.001560 seconds.
Begin MonoManager ReloadAssembly
Native extension for WindowsStandalone target not found
Refreshing native plugins compatible for Editor in 0.33 ms, found 1 plugins.
Preloading 0 native plugins for Editor in 0.00 ms.
Invoked RoslynAnalysisRunner static constructor.
RoslynAnalysisRunner will not be running.
RoslynAnalysisRunner has terminated.
Mono: successfully reloaded assembly
- Completed reload, in  1.235 seconds
Platform modules already initialized, skipping
Refreshing native plugins compatible for Editor in 0.45 ms, found 1 plugins.
Preloading 0 native plugins for Editor in 0.00 ms.
Unloading 1784 Unused Serialized files (Serialized files now loaded: 0)
System memory in use before: 84.3 MB.
System memory in use after: 84.3 MB.

Unloading 12 unused Assets to reduce memory usage. Loaded Objects now: 2264.
Total: 3.001300 ms (FindLiveObjects: 0.451100 ms CreateObjectMapping: 0.192300 ms MarkObjects: 2.222300 ms  DeleteObjects: 0.125400 ms)

========================================================================
Received Import Request.
  Time since last request: 17055.620189 seconds.
  path: Assets
  artifactKey: Guid(00000000000000001000000000000000) Importer(815301076,1909f56bfc062723c751e8b465ee728b)
Start importing Assets using Guid(00000000000000001000000000000000) Importer(815301076,1909f56bfc062723c751e8b465ee728b)  -> (artifact id: 'e1a2c4dac9df7c17871e19a3b74f0e9f') in 0.065987 seconds
  Import took 0.135109 seconds .

========================================================================
Received Import Request.
  Time since last request: 5.400282 seconds.
  path: Assets/Prefabs
  artifactKey: Guid(d64049471ba0803418b833c3f4d82ce3) Importer(815301076,1909f56bfc062723c751e8b465ee728b)
Start importing Assets/Prefabs using Guid(d64049471ba0803418b833c3f4d82ce3) Importer(815301076,1909f56bfc062723c751e8b465ee728b)  -> (artifact id: '5d2a34d177a57817687a521a63c8a87b') in 0.002776 seconds
  Import took 0.005812 seconds .

========================================================================
Received Import Request.
  Time since last request: 14.424890 seconds.
  path: Assets/Prefabs/Weapon.prefab
  artifactKey: Guid(35471345495a4f743915700bc4d85198) Importer(815301076,1909f56bfc062723c751e8b465ee728b)
Start importing Assets/Prefabs/Weapon.prefab using Guid(35471345495a4f743915700bc4d85198) Importer(815301076,1909f56bfc062723c751e8b465ee728b)  -> (artifact id: '9001a619e841e3db6af1c7fc2407a289') in 0.181803 seconds
  Import took 0.184935 seconds .

========================================================================
Received Prepare
Registering precompiled user dll's ...
Registered in 0.001289 seconds.
Begin MonoManager ReloadAssembly
Native extension for WindowsStandalone target not found
Refreshing native plugins compatible for Editor in 0.33 ms, found 1 plugins.
Preloading 0 native plugins for Editor in 0.00 ms.
Invoked RoslynAnalysisRunner static constructor.
RoslynAnalysisRunner will not be running.
RoslynAnalysisRunner has terminated.
Mono: successfully reloaded assembly
- Completed reload, in  0.956 seconds
Platform modules already initialized, skipping
Refreshing native plugins compatible for Editor in 0.35 ms, found 1 plugins.
Preloading 0 native plugins for Editor in 0.00 ms.
Unloading 1784 Unused Serialized files (Serialized files now loaded: 0)
System memory in use before: 87.5 MB.
System memory in use after: 87.5 MB.

Unloading 12 unused Assets to reduce memory usage. Loaded Objects now: 2274.
Total: 2.494200 ms (FindLiveObjects: 0.206100 ms CreateObjectMapping: 0.057600 ms MarkObjects: 2.071300 ms  DeleteObjects: 0.158200 ms)

AssetImportWorkerClient::OnTransportError - code=2 error=End of file
